<?xml version="1.0" encoding="UTF-8"?>
<!-- Generated by org.testng.reporters.JUnitXMLReporter -->
<testsuite ignored="0" hostname="DESKTOP-VHBCP6S" failures="1" tests="5" name="Surefire test" time="24.099" errors="0" timestamp="2023-02-15T19:01:33 IST">
  <testcase classname="shady.tests.ErrorValidationTests" name="LoginErrorValidation" time="0.286">
    <skipped/>
  </testcase> <!-- LoginErrorValidation -->
  <testcase classname="shady.tests.ErrorValidationTests" name="LoginErrorValidation" time="0.722">
    <failure type="java.lang.AssertionError" message="expected [Incorrect emailll or password.] but found [Incorrect email or password.]">
      <![CDATA[java.lang.AssertionError: expected [Incorrect emailll or password.] but found [Incorrect email or password.]
at shady.tests.ErrorValidationTests.LoginErrorValidation(ErrorValidationTests.java:22)
at java.base/java.util.ArrayList.forEach(ArrayList.java:1511)
... Removed 36 stack frames]]>
    </failure>
  </testcase> <!-- LoginErrorValidation -->
  <testcase classname="shady.tests.SubmitOrderTests" name="submitOrder" time="2.858"/>
  <testcase classname="shady.tests.SubmitOrderTests" name="submitOrder" time="2.775"/>
  <testcase classname="shady.tests.SubmitOrderTests" name="OrderHistoryTest" time="0.389"/>
</testsuite> <!-- Surefire test -->
