<?xml version="1.0" encoding="UTF-8"?>
<!-- Generated by org.testng.reporters.JUnitXMLReporter -->
<testsuite ignored="0" hostname="DESKTOP-VHBCP6S" failures="1" tests="2" name="Error Validation Tests" time="11.041" errors="0" timestamp="2023-02-15T18:49:56 IST">
  <testcase classname="shady.tests.ErrorValidationTests" name="LoginErrorValidation" time="0.821">
    <skipped/>
  </testcase> <!-- LoginErrorValidation -->
  <testcase classname="shady.tests.ErrorValidationTests" name="LoginErrorValidation" time="0.743">
    <failure type="java.lang.AssertionError" message="expected [Incorrect emailll or password.] but found [Incorrect email or password.]">
      <![CDATA[java.lang.AssertionError: expected [Incorrect emailll or password.] but found [Incorrect email or password.]
at shady.tests.ErrorValidationTests.LoginErrorValidation(ErrorValidationTests.java:22)
at java.base/java.util.ArrayList.forEach(ArrayList.java:1511)
at java.base/java.util.concurrent.FutureTask.run(FutureTask.java:317)
at java.base/java.util.concurrent.ThreadPoolExecutor.runWorker(ThreadPoolExecutor.java:1144)
at java.base/java.util.concurrent.ThreadPoolExecutor$Worker.run(ThreadPoolExecutor.java:642)
at java.base/java.lang.Thread.run(Thread.java:1589)
... Removed 21 stack frames]]>
    </failure>
  </testcase> <!-- LoginErrorValidation -->
</testsuite> <!-- Error Validation Tests -->
